
2017-04-06 src.logger
 05:45:21 - /net/datasrv3hs.sanbi.ac.za/datastore/data12/people/ajayi/ENV/bin/complexo_pipeline --use_threads --log_file pipeline_3.log --verbose 5 --config example/pipeline_3.config

2017-04-06 src.logger
 05:45:34 - /net/datasrv3hs.sanbi.ac.za/datastore/data12/people/ajayi/ENV/bin/complexo_pipeline --use_threads --log_file pipeline_3.log --verbose 5 --config example/pipeline_3.config
 05:45:35 - Running stage: trim_fastq
Command: java -jar -Xmx9g /cip0/software/java/Trimmomatic-0.33/trimmomatic-0.33.jar PE -threads 8 -phred33 /cip0/research/scratch/ajayi/Input_fasta_files/H37Rv1117_R1.fastq.gz /cip0/research/scratch/ajayi/Input_fasta_files/H37Rv1117_R2.fastq.gz  /cip0/research/scratch/ajayi/Input_fasta_files/H37Rv1118_1P_R1.fq.gz /cip0/research/scratch/ajayi/Input_fasta_files/H37Rv1118_1UP_R1.fq.gz  /cip0/research/scratch/ajayi/Input_fasta_files/H37Rv1118_2P_R2.fq.gz /cip0/research/scratch/ajayi/Input_fasta_files/H37Rv1118_2UP_R2.fq.gz  LEADING:3 TRAILING:3 SLIDINGWINDOW:4:15 MINLEN:36 
Job options: -q long.q@grid05.sanbi.ac.za -pe serial 8 -l docker=1 -l h_vmem=10240M  -M 3004115@myuwc.ac.za
 05:46:49 - Running stage: align_bwa
Command: bwa mem -t 8 -R "@RG	ID:H37Rv1118	SM:H37Rv1118	PL:Illumina" /usr/people/ajayi/test/complexo_pipeline/example/reference/HumanTest500k_g1k_H37Rv_decoy.fasta /cip0/research/scratch/ajayi/Input_fasta_files/H37Rv1118_R1.fastq.gz /cip0/research/scratch/ajayi/Input_fasta_files/H37Rv1118_R2.fastq.gz | samtools view -bS -h -o /cip0/research/scratch/ajayi/Input_fasta_files/H37Rv1118.bwa.bam -
Job options: -q long.q@grid05.sanbi.ac.za -pe serial 8 -l docker=1 -l h_vmem=10240M  -M 3004115@myuwc.ac.za
 05:47:05 - Running stage: novoalign
Command: novoalign -c 8 -k -d /usr/people/ajayi/test/complexo_pipeline/example/reference/HumanTest500k_g1k_H37Rv_decoy.nix -f /cip0/research/scratch/ajayi/Input_fasta_files/H37Rv1118_1P_R1.fq.gz /cip0/research/scratch/ajayi/Input_fasta_files/H37Rv1118_2P_R2.fq.gz -i 250,100 -o SAM "@RG	ID:H37Rv1118	SM:H37Rv1118	PL:Illumina" | samtools view -bS -o /cip0/research/scratch/ajayi/Input_fasta_files/H37Rv1118.bam -
Job options: -q long.q@grid05.sanbi.ac.za -pe serial 8 -l docker=1 -l h_vmem=10240M  -M 3004115@myuwc.ac.za
 05:49:58 - Running stage: sort_bam_picard
Command: java -jar -Xmx9g $PICARD_HOME/picard.jar SortSam INPUT=/cip0/research/scratch/ajayi/Input_fasta_files/H37Rv1118.bwa.bam OUTPUT=/cip0/research/scratch/ajayi/Input_fasta_files/H37Rv1118.bwa.sort.bwa.bam VALIDATION_STRINGENCY=LENIENT SORT_ORDER=coordinate CREATE_INDEX=True
Job options: -q long.q@grid05.sanbi.ac.za -pe serial 8 -l docker=1 -l h_vmem=10240M  -M 3004115@myuwc.ac.za
 05:50:05 - Running stage: novosort_bam
Command: novosort -c 8 -m 10G -s -f /cip0/research/scratch/ajayi/Input_fasta_files/H37Rv1118.bam -o /cip0/research/scratch/ajayi/Input_fasta_files/H37Rv1118.sort.bam 
Job options: -q long.q@grid05.sanbi.ac.za -pe serial 8 -l docker=1 -l h_vmem=10240M  -M 3004115@myuwc.ac.za
 05:50:34 - Running stage: mark_duplicates_picard
Command: java -jar -Xmx29g $PICARD_HOME/picard.jar MarkDuplicates INPUT=/cip0/research/scratch/ajayi/Input_fasta_files/H37Rv1118.sort.bam OUTPUT=/cip0/research/scratch/ajayi/Input_fasta_files/H37Rv1118.sort.dedup.bam METRICS_FILE=/cip0/research/scratch/ajayi/Input_fasta_files/H37Rv1118.metricsdup VALIDATION_STRINGENCY=LENIENT MAX_RECORDS_IN_RAM=5000000 ASSUME_SORTED=True COMPRESSION_LEVEL=5 CREATE_INDEX=True
Job options: -q long.q@grid05.sanbi.ac.za -pe serial 8 -l docker=1 -l h_vmem=30720M  -M 3004115@myuwc.ac.za

2017-04-06 src.logger
 09:11:24 - /net/datasrv3hs.sanbi.ac.za/datastore/data12/people/ajayi/ENV/bin/complexo_pipeline --use_threads --log_file pipeline_3.log --verbose 5 --config example/pipeline_3.config
 09:11:24 - Running stage: trim_fastq
Command: java -jar -Xmx9g /cip0/software/java/Trimmomatic-0.33/trimmomatic-0.33.jar PE -threads 8 -phred33 /cip0/research/scratch/ajayi/Input_fasta_files/H37Rv1117_R1.fastq.gz /cip0/research/scratch/ajayi/Input_fasta_files/H37Rv1117_R2.fastq.gz  /cip0/research/scratch/ajayi/Input_fasta_files/H37Rv1118_1P_R1.fq.gz /cip0/research/scratch/ajayi/Input_fasta_files/H37Rv1118_1UP_R1.fq.gz  /cip0/research/scratch/ajayi/Input_fasta_files/H37Rv1118_2P_R2.fq.gz /cip0/research/scratch/ajayi/Input_fasta_files/H37Rv1118_2UP_R2.fq.gz  LEADING:3 TRAILING:3 SLIDINGWINDOW:4:15 MINLEN:36 
Job options: -q long.q@grid05.sanbi.ac.za -pe serial 8 -l docker=1 -l h_vmem=10240M  -M 3004115@myuwc.ac.za
 09:12:24 - Running stage: novoalign
Command: novoalign -c 8 -k -d /usr/people/ajayi/test/complexo_pipeline/example/reference/HumanTest500k_g1k_H37Rv_decoy.nix -f /cip0/research/scratch/ajayi/Input_fasta_files/H37Rv1118_1P_R1.fq.gz /cip0/research/scratch/ajayi/Input_fasta_files/H37Rv1118_2P_R2.fq.gz -i 250,100 -o SAM "@RG	ID:H37Rv1118	SM:H37Rv1118	PL:Illumina" | samtools view -bS -o /cip0/research/scratch/ajayi/Input_fasta_files/H37Rv1118.bam -
Job options: -q long.q@grid05.sanbi.ac.za -pe serial 8 -l docker=1 -l h_vmem=10240M  -M 3004115@myuwc.ac.za
 09:14:59 - Running stage: novosort_bam
Command: novosort -c 8 -m 10G -s -f /cip0/research/scratch/ajayi/Input_fasta_files/H37Rv1118.bam -o /cip0/research/scratch/ajayi/Input_fasta_files/H37Rv1118.sort.bam 
Job options: -q long.q@grid05.sanbi.ac.za -pe serial 8 -l docker=1 -l h_vmem=10240M  -M 3004115@myuwc.ac.za
 09:15:20 - Running stage: mark_duplicates_picard
Command: java -jar -Xmx29g $PICARD_HOME/picard.jar MarkDuplicates INPUT=/cip0/research/scratch/ajayi/Input_fasta_files/H37Rv1118.sort.bam OUTPUT=/cip0/research/scratch/ajayi/Input_fasta_files/H37Rv1118.sort.dedup.bam METRICS_FILE=/cip0/research/scratch/ajayi/Input_fasta_files/H37Rv1118.metricsdup VALIDATION_STRINGENCY=LENIENT MAX_RECORDS_IN_RAM=5000000 ASSUME_SORTED=True COMPRESSION_LEVEL=5 CREATE_INDEX=True
Job options: -q long.q@grid05.sanbi.ac.za -pe serial 16 -l docker=1 -l h_vmem=30720M  -M 3004115@myuwc.ac.za
 09:16:57 - Running stage: RealignerTarget_gatk
Command: java -jar -Xmx29g $GATK_HOME/GenomeAnalysisTK.jar -T RealignerTargetCreator -R /usr/people/ajayi/test/complexo_pipeline/example/reference/HumanTest500k_g1k_H37Rv_decoy.fasta -I /cip0/research/scratch/ajayi/Input_fasta_files/H37Rv1118.sort.dedup.bam --num_threads 8 -o /cip0/research/scratch/ajayi/Input_fasta_files/H37Rv1118.chr.intervals
Job options: -q long.q@grid05.sanbi.ac.za -pe serial 8 -l docker=1 -l h_vmem=30720M  -M 3004115@myuwc.ac.za
 09:17:20 - Running stage: buildBamIndex
Command: java -jar -Xmx9g $PICARD_HOME/picard.jar BuildBamIndex INPUT=/cip0/research/scratch/ajayi/Input_fasta_files/H37Rv1118.sort.dedup.bam OUTPUT=/cip0/research/scratch/ajayi/Input_fasta_files/H37Rv1118.bai 
Job options: -q long.q@grid05.sanbi.ac.za -pe serial 16 -l docker=1 -l h_vmem=10240M  -M 3004115@myuwc.ac.za
 09:17:50 - Running stage: collectalignmentmetric
Command: java -jar -Xmx9g $PICARD_HOME/picard.jar CollectAlignmentSummaryMetrics REFERENCE_SEQUENCE=/usr/people/ajayi/test/complexo_pipeline/example/reference/HumanTest500k_g1k_H37Rv_decoy.fasta INPUT=/cip0/research/scratch/ajayi/Input_fasta_files/H37Rv1118.sort.dedup.bam OUTPUT=/cip0/research/scratch/ajayi/Input_fasta_files/H37Rv1118.stat.txt
Job options: -q long.q@grid05.sanbi.ac.za -pe serial 16 -l docker=1 -l h_vmem=10240M  -M 3004115@myuwc.ac.za
 09:18:22 - Running stage: IndelRealigner_gatk
Command: java -jar -Xmx29g $GATK_HOME/GenomeAnalysisTK.jar -T IndelRealigner -R /usr/people/ajayi/test/complexo_pipeline/example/reference/HumanTest500k_g1k_H37Rv_decoy.fasta -I /cip0/research/scratch/ajayi/Input_fasta_files/H37Rv1118.sort.dedup.bam -targetIntervals /cip0/research/scratch/ajayi/Input_fasta_files/H37Rv1118.chr.intervals -o /cip0/research/scratch/ajayi/Input_fasta_files/H37Rv1118.sort.dedup.realn.bam
Job options: -q long.q@grid05.sanbi.ac.za -pe serial 16 -l docker=1 -l h_vmem=30720M  -M 3004115@myuwc.ac.za
 09:19:39 - Running stage: freebayes_call
Command: freebayes -f /usr/people/ajayi/test/complexo_pipeline/example/reference/HumanTest500k_g1k_H37Rv_decoy.fasta --ploidy 1 /cip0/research/scratch/ajayi/Input_fasta_files/H37Rv1118.sort.dedup.realn.bam > /cip0/research/scratch/ajayi/Input_fasta_files/H37Rv1118.raw.freebayes.snps.indels.g.vcf 
Job options: -q long.q@grid05.sanbi.ac.za -pe serial 16 -l docker=1 -l h_vmem=8192M  -M 3004115@myuwc.ac.za
 09:23:04 - Running stage: call_variants_gatk
Command: java -jar -Xmx29g $GATK_HOME/GenomeAnalysisTK.jar -T HaplotypeCaller -R /usr/people/ajayi/test/complexo_pipeline/example/reference/HumanTest500k_g1k_H37Rv_decoy.fasta --min_base_quality_score 20 --variant_index_parameter 128000 --emitRefConfidence GVCF --standard_min_confidence_threshold_for_calling 30.0 --num_cpu_threads_per_data_thread 8 --variant_index_type LINEAR --standard_min_confidence_threshold_for_emitting 30.0 -I /cip0/research/scratch/ajayi/Input_fasta_files/H37Rv1118.sort.dedup.realn.bam -o /cip0/research/scratch/ajayi/Input_fasta_files/H37Rv1118.raw.snps.indels.g.vcf
Job options: -q long.q@grid05.sanbi.ac.za -pe serial 8 -l docker=1 -l h_vmem=30720M  -M 3004115@myuwc.ac.za
 09:26:31 - Running stage: call_variants_samtools
Command: samtools mpileup -ugf /usr/people/ajayi/test/complexo_pipeline/example/reference/HumanTest500k_g1k_H37Rv_decoy.fasta I /cip0/research/scratch/ajayi/Input_fasta_files/H37Rv1118.sort.dedup.realn.bam | bcftools view -vgc - > /cip0/research/scratch/ajayi/Input_fasta_files/H37Rv1118.raw.sam_bwa.snps.indels.g.vcf
Job options: -q long.q@grid05.sanbi.ac.za -pe serial 16 -l docker=1 -l h_vmem=8192M  -M 3004115@myuwc.ac.za
 09:26:35 - Running stage: annotating_vcf_SNPEFF
Command: java -jar -Xmx29g /usr/people/ajayi/test/complexo_pipeline/snpEff/snpEff.jar m_tuberculosis_H37Rv -v /cip0/research/scratch/ajayi/Input_fasta_files/H37Rv1118.raw.snps.indels.g.vcf > /cip0/research/scratch/ajayi/Input_fasta_files/H37Rv1118.vcf 
Job options: -q long.q@grid05.sanbi.ac.za -pe serial 8 -l docker=1 -l h_vmem=30720M  -M 3004115@myuwc.ac.za
 09:26:56 - Running stage: variant_samtools_filter
Command: vcfutils.pl varFilter /cip0/research/scratch/ajayi/Input_fasta_files/H37Rv1118.raw.sam_bwa.snps.indels.g.vcf > /cip0/research/scratch/ajayi/Input_fasta_files/H37Rv1118_filtered.vcf 
Job options: -q long.q@grid05.sanbi.ac.za -pe serial 16 -l docker=1 -l h_vmem=8192M  -M 3004115@myuwc.ac.za
