INFO  09:28:13,266 HelpFormatter - -------------------------------------------------------------------------------- 
INFO  09:28:13,269 HelpFormatter - The Genome Analysis Toolkit (GATK) v3.2-2-gec30cee, Compiled 2014/07/17 15:22:03 
INFO  09:28:13,269 HelpFormatter - Copyright (c) 2010 The Broad Institute 
INFO  09:28:13,270 HelpFormatter - For support and documentation go to http://www.broadinstitute.org/gatk 
INFO  09:28:13,275 HelpFormatter - Program Args: -T HaplotypeCaller -R /usr/people/ajayi/test/complexo_pipeline/example/reference/HumanTest500k_g1k_H37Rv_decoy.fasta --min_base_quality_score 20 --variant_index_parameter 128000 --emitRefConfidence GVCF --standard_min_confidence_threshold_for_calling 30.0 --num_cpu_threads_per_data_thread 8 --variant_index_type LINEAR --standard_min_confidence_threshold_for_emitting 30.0 -I /cip0/research/scratch/ajayi/Input_fasta_files/H37Rv1118.sort.dedup.realn.bam -o /cip0/research/scratch/ajayi/Input_fasta_files/H37Rv1118.raw.snps.indels.g.vcf 
INFO  09:28:13,280 HelpFormatter - Executing as ajayi@grids2 on Linux 3.13.0-65-generic amd64; OpenJDK 64-Bit Server VM 1.8.0_121-8u121-b13-0ubuntu1.16.04.2-b13. 
INFO  09:28:13,280 HelpFormatter - Date/Time: 2017/04/06 09:28:13 
INFO  09:28:13,280 HelpFormatter - -------------------------------------------------------------------------------- 
INFO  09:28:13,281 HelpFormatter - -------------------------------------------------------------------------------- 
INFO  09:28:13,397 GenomeAnalysisEngine - Strictness is SILENT 
INFO  09:28:13,526 GenomeAnalysisEngine - Downsampling Settings: Method: BY_SAMPLE, Target Coverage: 250 
INFO  09:28:13,537 SAMDataSource$SAMReaders - Initializing SAMRecords in serial 
INFO  09:28:13,558 SAMDataSource$SAMReaders - Done initializing BAM readers: total time 0.02 
INFO  09:28:13,568 HCMappingQualityFilter - Filtering out reads with MAPQ < 20 
INFO  09:28:13,586 MicroScheduler - Running the GATK in parallel mode with 8 total threads, 8 CPU thread(s) for each of 1 data thread(s), of 24 processors available on this machine 
INFO  09:28:13,683 GenomeAnalysisEngine - Preparing for traversal over 1 BAM files 
INFO  09:28:13,746 GenomeAnalysisEngine - Done preparing for traversal 
INFO  09:28:13,747 ProgressMeter - [INITIALIZATION COMPLETE; STARTING PROCESSING] 
INFO  09:28:13,747 ProgressMeter -                 |      processed |    time |         per 1M |           |   total | remaining 
INFO  09:28:13,748 ProgressMeter -        Location | active regions | elapsed | active regions | completed | runtime |   runtime 
INFO  09:28:13,748 HaplotypeCaller - Standard Emitting and Calling confidence set to 0.0 for reference-model confidence output 
INFO  09:28:13,749 HaplotypeCaller - All sites annotated with PLs forced to true for reference-model confidence output 
INFO  09:28:13,847 HaplotypeCaller - Using global mismapping rate of 45 => -4.5 in log10 likelihood units 
INFO  09:28:13,849 PairHMM - Performance profiling for PairHMM is disabled because HaplotypeCaller is being run with multiple threads (-nct>1) option
Profiling is enabled only when running in single thread mode
 
INFO  09:28:15,188 VectorLoglessPairHMM - libVectorLoglessPairHMM unpacked successfully from GATK jar file 
INFO  09:28:15,189 VectorLoglessPairHMM - Using vectorized implementation of PairHMM 
INFO  09:28:43,752 ProgressMeter - gi|448814763|ref|NC_000962.3|:751927              0.0    30.0 s           49.6 w       17.0%     2.9 m       2.4 m 
INFO  09:29:13,754 ProgressMeter - gi|448814763|ref|NC_000962.3|:1435631              0.0    60.0 s           99.2 w       32.5%     3.1 m       2.1 m 
